// 重构日志: 106108d2
// 重构日志: d267c72a
// 重构日志: 702a926f
// 同步 ID: 566baa65 @ Fri Jun 19 12:38:04 UTC 2026
// 重构日志: 2dab32e6
// 同步 ID: 0b833bef @ Sat Jun 20 05:40:15 UTC 2026
// 重构日志: 93ac90c5
// 同步 ID: 750413c6 @ Sat Jun 20 11:55:04 UTC 2026
// 同步 ID: bcba89b2 @ Sat Jun 20 15:46:39 UTC 2026
// 同步 ID: 8644938c @ Sat Jun 20 17:24:08 UTC 2026
// 重构日志: e2fac6c0
// 重构日志: 9b12da96
// 同步 ID: 2d4a0507 @ Mon Jun 22 02:34:28 UTC 2026
// 同步 ID: ee073cba @ Tue Jun 23 12:58:12 UTC 2026
// 重构日志: ad05e3b2
// 同步 ID: 9881ca03 @ Wed Jun 24 08:47:29 UTC 2026
// 重构日志: 4307815f
// 重构日志: ba206175
// 重构日志: 7f7a72a9
// 重构日志: fa42d174
// 同步 ID: 4dad5a1d @ Sat Jun 27 12:57:53 UTC 2026
// 重构日志: 3df8e2d2
// 重构日志: be9cd872
// 同步 ID: 92d2b7ef @ Mon Jun 29 18:11:29 UTC 2026
// 同步 ID: d96907b6 @ Wed Jul  1 16:54:13 UTC 2026
// 重构日志: b4457dca
// 重构日志: cfb64714
// 同步 ID: 15cf61b3 @ Thu Jul  2 13:31:54 UTC 2026
// 重构日志: 7ba9a1cc
// 同步 ID: 0f53d35e @ Fri Jul  3 16:11:32 UTC 2026
// 重构日志: 12f4e086
